This is pdfTeX, Version 3.14159265-2.6-1.40.17 (TeX Live 2016) (preloaded format=pdflatex 2016.5.22)  23 JUL 2018 19:30
entering extended mode
 restricted \write18 enabled.
 %&-line parsing enabled.
**notes_on_smooth_and_symplectic_topology.tex
(./notes_on_smooth_and_symplectic_topology.tex
LaTeX2e <2016/03/31>
Babel <3.9r> and hyphenation patterns for 83 language(s) loaded.
(/usr/local/texlive/2016/texmf-dist/tex/latex/base/article.cls
Document Class: article 2014/09/29 v1.4h Standard LaTeX document class
(/usr/local/texlive/2016/texmf-dist/tex/latex/base/size12.clo
File: size12.clo 2014/09/29 v1.4h Standard LaTeX file (size option)
)
\c@part=\count79
\c@section=\count80
\c@subsection=\count81
\c@subsubsection=\count82
\c@paragraph=\count83
\c@subparagraph=\count84
\c@figure=\count85
\c@table=\count86
\abovecaptionskip=\skip41
\belowcaptionskip=\skip42
\bibindent=\dimen102
)
(/usr/local/texlive/2016/texmf-dist/tex/latex/amsfonts/amssymb.sty
Package: amssymb 2013/01/14 v3.01 AMS font symbols

(/usr/local/texlive/2016/texmf-dist/tex/latex/amsfonts/amsfonts.sty
Package: amsfonts 2013/01/14 v3.01 Basic AMSFonts support
\@emptytoks=\toks14
\symAMSa=\mathgroup4
\symAMSb=\mathgroup5
LaTeX Font Info:    Overwriting math alphabet `\mathfrak' in version `bold'
(Font)                  U/euf/m/n --> U/euf/b/n on input line 106.
))
(/usr/local/texlive/2016/texmf-dist/tex/latex/base/latexsym.sty
Package: latexsym 1998/08/17 v2.2e Standard LaTeX package (lasy symbols)
\symlasy=\mathgroup6
LaTeX Font Info:    Overwriting symbol font `lasy' in version `bold'
(Font)                  U/lasy/m/n --> U/lasy/b/n on input line 52.
)
(/usr/local/texlive/2016/texmf-dist/tex/latex/amsmath/amsmath.sty
Package: amsmath 2016/03/10 v2.15b AMS math features
\@mathmargin=\skip43

For additional information on amsmath, use the `?' option.
(/usr/local/texlive/2016/texmf-dist/tex/latex/amsmath/amstext.sty
Package: amstext 2000/06/29 v2.01 AMS text

(/usr/local/texlive/2016/texmf-dist/tex/latex/amsmath/amsgen.sty
File: amsgen.sty 1999/11/30 v2.0 generic functions
\@emptytoks=\toks15
\ex@=\dimen103
))
(/usr/local/texlive/2016/texmf-dist/tex/latex/amsmath/amsbsy.sty
Package: amsbsy 1999/11/29 v1.2d Bold Symbols
\pmbraise@=\dimen104
)
(/usr/local/texlive/2016/texmf-dist/tex/latex/amsmath/amsopn.sty
Package: amsopn 2016/03/08 v2.02 operator names
)
\inf@bad=\count87
LaTeX Info: Redefining \frac on input line 199.
\uproot@=\count88
\leftroot@=\count89
LaTeX Info: Redefining \overline on input line 297.
\classnum@=\count90
\DOTSCASE@=\count91
LaTeX Info: Redefining \ldots on input line 394.
LaTeX Info: Redefining \dots on input line 397.
LaTeX Info: Redefining \cdots on input line 518.
\Mathstrutbox@=\box26
\strutbox@=\box27
\big@size=\dimen105
LaTeX Font Info:    Redeclaring font encoding OML on input line 634.
LaTeX Font Info:    Redeclaring font encoding OMS on input line 635.
\macc@depth=\count92
\c@MaxMatrixCols=\count93
\dotsspace@=\muskip10
\c@parentequation=\count94
\dspbrk@lvl=\count95
\tag@help=\toks16
\row@=\count96
\column@=\count97
\maxfields@=\count98
\andhelp@=\toks17
\eqnshift@=\dimen106
\alignsep@=\dimen107
\tagshift@=\dimen108
\tagwidth@=\dimen109
\totwidth@=\dimen110
\lineht@=\dimen111
\@envbody=\toks18
\multlinegap=\skip44
\multlinetaggap=\skip45
\mathdisplay@stack=\toks19
LaTeX Info: Redefining \[ on input line 2739.
LaTeX Info: Redefining \] on input line 2740.
)
(/usr/local/texlive/2016/texmf-dist/tex/latex/amscls/amsthm.sty
Package: amsthm 2015/03/04 v2.20.2
\thm@style=\toks20
\thm@bodyfont=\toks21
\thm@headfont=\toks22
\thm@notefont=\toks23
\thm@headpunct=\toks24
\thm@preskip=\skip46
\thm@postskip=\skip47
\thm@headsep=\skip48
\dth@everypar=\toks25
)
(/usr/local/texlive/2016/texmf-dist/tex/latex/amsmath/amscd.sty
Package: amscd 1999/11/29 v2.0 AMS Commutatitive Diagrams
\athelp@=\toks26
\minaw@=\dimen112
\bigaw@=\dimen113
\minCDarrowwidth=\dimen114
)
(/usr/local/texlive/2016/texmf-dist/tex/latex/graphics/graphics.sty
Package: graphics 2016/05/09 v1.0r Standard LaTeX Graphics (DPC,SPQR)

(/usr/local/texlive/2016/texmf-dist/tex/latex/graphics/trig.sty
Package: trig 2016/01/03 v1.10 sin cos tan (DPC)
)
(/usr/local/texlive/2016/texmf-dist/tex/latex/graphics-cfg/graphics.cfg
File: graphics.cfg 2016/01/02 v1.10 sample graphics configuration
)
Package graphics Info: Driver file: dvips.def on input line 96.

(/usr/local/texlive/2016/texmf-dist/tex/latex/graphics/dvips.def
File: dvips.def 2015/12/30 v3.0k Driver-dependent file (DPC,SPQR)
))
(/usr/local/texlive/2016/texmf-dist/tex/latex/overpic/overpic.sty
Package: overpic 2010/09/13 v0.53  Overwriting graphics

Package: overpic v0.53 <2010/09/13> (RN)
(/usr/local/texlive/2016/texmf-dist/tex/latex/graphics/graphicx.sty
Package: graphicx 2014/10/28 v1.0g Enhanced LaTeX Graphics (DPC,SPQR)

(/usr/local/texlive/2016/texmf-dist/tex/latex/graphics/keyval.sty
Package: keyval 2014/10/28 v1.15 key=value parser (DPC)
\KV@toks@=\toks27
)
\Gin@req@height=\dimen115
\Gin@req@width=\dimen116
)
(/usr/local/texlive/2016/texmf-dist/tex/latex/eepic/epic.sty
Enhancements to Picture Environment. Version 1.2 - Released June 1, 1986
\@@multicnt=\count99
\d@lta=\count100
\@delta=\dimen117
\@@delta=\dimen118
\@gridcnt=\count101
\@joinkind=\count102
\@dotgap=\dimen119
\@ddotgap=\dimen120
\@x@diff=\count103
\@y@diff=\count104
\x@diff=\dimen121
\y@diff=\dimen122
\@dotbox=\box28
\num@segments=\count105
\num@segmentsi=\count106
\@datafile=\read1
)
overpic: relative positioning in percent
) (/usr/local/texlive/2016/texmf-dist/tex/latex/titlesec/titlesec.sty
Package: titlesec 2016/03/21 v2.10.2 Sectioning titles
\ttl@box=\box29
\beforetitleunit=\skip49
\aftertitleunit=\skip50
\ttl@plus=\dimen123
\ttl@minus=\dimen124
\ttl@toksa=\toks28
\titlewidth=\dimen125
\titlewidthlast=\dimen126
\titlewidthfirst=\dimen127
)
(/usr/local/texlive/2016/texmf-dist/tex/latex/tikz-cd/tikz-cd.sty
Package: tikz-cd 2014/10/30 v0.9e Commutative diagrams with tikz

(/usr/local/texlive/2016/texmf-dist/tex/latex/pgf/frontendlayer/tikz.sty
(/usr/local/texlive/2016/texmf-dist/tex/latex/pgf/basiclayer/pgf.sty
(/usr/local/texlive/2016/texmf-dist/tex/latex/pgf/utilities/pgfrcs.sty
(/usr/local/texlive/2016/texmf-dist/tex/generic/pgf/utilities/pgfutil-common.te
x
\pgfutil@everybye=\toks29
\pgfutil@tempdima=\dimen128
\pgfutil@tempdimb=\dimen129

(/usr/local/texlive/2016/texmf-dist/tex/generic/pgf/utilities/pgfutil-common-li
sts.tex))
(/usr/local/texlive/2016/texmf-dist/tex/generic/pgf/utilities/pgfutil-latex.def
\pgfutil@abb=\box30
(/usr/local/texlive/2016/texmf-dist/tex/latex/ms/everyshi.sty
Package: everyshi 2001/05/15 v3.00 EveryShipout Package (MS)
))
(/usr/local/texlive/2016/texmf-dist/tex/generic/pgf/utilities/pgfrcs.code.tex
Package: pgfrcs 2015/08/07 v3.0.1a (rcs-revision 1.31)
))
Package: pgf 2015/08/07 v3.0.1a (rcs-revision 1.15)
(/usr/local/texlive/2016/texmf-dist/tex/latex/pgf/basiclayer/pgfcore.sty
(/usr/local/texlive/2016/texmf-dist/tex/latex/pgf/systemlayer/pgfsys.sty
(/usr/local/texlive/2016/texmf-dist/tex/generic/pgf/systemlayer/pgfsys.code.tex
Package: pgfsys 2014/07/09 v3.0.1a (rcs-revision 1.48)
(/usr/local/texlive/2016/texmf-dist/tex/generic/pgf/utilities/pgfkeys.code.tex
\pgfkeys@pathtoks=\toks30
\pgfkeys@temptoks=\toks31

(/usr/local/texlive/2016/texmf-dist/tex/generic/pgf/utilities/pgfkeysfiltered.c
ode.tex
\pgfkeys@tmptoks=\toks32
))
\pgf@x=\dimen130
\pgf@y=\dimen131
\pgf@xa=\dimen132
\pgf@ya=\dimen133
\pgf@xb=\dimen134
\pgf@yb=\dimen135
\pgf@xc=\dimen136
\pgf@yc=\dimen137
\w@pgf@writea=\write3
\r@pgf@reada=\read2
\c@pgf@counta=\count107
\c@pgf@countb=\count108
\c@pgf@countc=\count109
\c@pgf@countd=\count110
\t@pgf@toka=\toks33
\t@pgf@tokb=\toks34
\t@pgf@tokc=\toks35

(/usr/local/texlive/2016/texmf-dist/tex/generic/pgf/systemlayer/pgf.cfg
File: pgf.cfg 2008/05/14  (rcs-revision 1.7)
)
Driver file for pgf: pgfsys-dvips.def

(/usr/local/texlive/2016/texmf-dist/tex/generic/pgf/systemlayer/pgfsys-dvips.de
f
File: pgfsys-dvips.def 2014/07/09  (rcs-revision 1.25)

(/usr/local/texlive/2016/texmf-dist/tex/generic/pgf/systemlayer/pgfsys-common-p
ostscript.def
File: pgfsys-common-postscript.def 2008/10/01  (rcs-revision 1.22)
\pgf@objectcount=\count111
)))
(/usr/local/texlive/2016/texmf-dist/tex/generic/pgf/systemlayer/pgfsyssoftpath.
code.tex
File: pgfsyssoftpath.code.tex 2013/09/09  (rcs-revision 1.9)
\pgfsyssoftpath@smallbuffer@items=\count112
\pgfsyssoftpath@bigbuffer@items=\count113
)
(/usr/local/texlive/2016/texmf-dist/tex/generic/pgf/systemlayer/pgfsysprotocol.
code.tex
File: pgfsysprotocol.code.tex 2006/10/16  (rcs-revision 1.4)
)) (/usr/local/texlive/2016/texmf-dist/tex/latex/xcolor/xcolor.sty
Package: xcolor 2016/05/11 v2.12 LaTeX color extensions (UK)

(/usr/local/texlive/2016/texmf-dist/tex/latex/graphics-cfg/color.cfg
File: color.cfg 2016/01/02 v1.6 sample color configuration
)
Package xcolor Info: Driver file: pdftex.def on input line 225.

(/usr/local/texlive/2016/texmf-dist/tex/latex/pdftex-def/pdftex.def
File: pdftex.def 2011/05/27 v0.06d Graphics/color for pdfTeX

(/usr/local/texlive/2016/texmf-dist/tex/generic/oberdiek/infwarerr.sty
Package: infwarerr 2016/05/16 v1.4 Providing info/warning/error messages (HO)
)
(/usr/local/texlive/2016/texmf-dist/tex/generic/oberdiek/ltxcmds.sty
Package: ltxcmds 2016/05/16 v1.23 LaTeX kernel commands for general use (HO)
)
\Gread@gobject=\count114
)
Package xcolor Info: Model `cmy' substituted by `cmy0' on input line 1348.
Package xcolor Info: Model `RGB' extended on input line 1364.
Package xcolor Info: Model `HTML' substituted by `rgb' on input line 1366.
Package xcolor Info: Model `Hsb' substituted by `hsb' on input line 1367.
Package xcolor Info: Model `tHsb' substituted by `hsb' on input line 1368.
Package xcolor Info: Model `HSB' substituted by `hsb' on input line 1369.
Package xcolor Info: Model `Gray' substituted by `gray' on input line 1370.
Package xcolor Info: Model `wave' substituted by `hsb' on input line 1371.
)
(/usr/local/texlive/2016/texmf-dist/tex/generic/pgf/basiclayer/pgfcore.code.tex
Package: pgfcore 2010/04/11 v3.0.1a (rcs-revision 1.7)
(/usr/local/texlive/2016/texmf-dist/tex/generic/pgf/math/pgfmath.code.tex
(/usr/local/texlive/2016/texmf-dist/tex/generic/pgf/math/pgfmathcalc.code.tex
(/usr/local/texlive/2016/texmf-dist/tex/generic/pgf/math/pgfmathutil.code.tex)
(/usr/local/texlive/2016/texmf-dist/tex/generic/pgf/math/pgfmathparser.code.tex
\pgfmath@dimen=\dimen138
\pgfmath@count=\count115
\pgfmath@box=\box31
\pgfmath@toks=\toks36
\pgfmath@stack@operand=\toks37
\pgfmath@stack@operation=\toks38
)
(/usr/local/texlive/2016/texmf-dist/tex/generic/pgf/math/pgfmathfunctions.code.
tex
(/usr/local/texlive/2016/texmf-dist/tex/generic/pgf/math/pgfmathfunctions.basic
.code.tex)
(/usr/local/texlive/2016/texmf-dist/tex/generic/pgf/math/pgfmathfunctions.trigo
nometric.code.tex)
(/usr/local/texlive/2016/texmf-dist/tex/generic/pgf/math/pgfmathfunctions.rando
m.code.tex)
(/usr/local/texlive/2016/texmf-dist/tex/generic/pgf/math/pgfmathfunctions.compa
rison.code.tex)
(/usr/local/texlive/2016/texmf-dist/tex/generic/pgf/math/pgfmathfunctions.base.
code.tex)
(/usr/local/texlive/2016/texmf-dist/tex/generic/pgf/math/pgfmathfunctions.round
.code.tex)
(/usr/local/texlive/2016/texmf-dist/tex/generic/pgf/math/pgfmathfunctions.misc.
code.tex)
(/usr/local/texlive/2016/texmf-dist/tex/generic/pgf/math/pgfmathfunctions.integ
erarithmetics.code.tex)))
(/usr/local/texlive/2016/texmf-dist/tex/generic/pgf/math/pgfmathfloat.code.tex
\c@pgfmathroundto@lastzeros=\count116
))
(/usr/local/texlive/2016/texmf-dist/tex/generic/pgf/basiclayer/pgfcorepoints.co
de.tex
File: pgfcorepoints.code.tex 2013/10/07  (rcs-revision 1.27)
\pgf@picminx=\dimen139
\pgf@picmaxx=\dimen140
\pgf@picminy=\dimen141
\pgf@picmaxy=\dimen142
\pgf@pathminx=\dimen143
\pgf@pathmaxx=\dimen144
\pgf@pathminy=\dimen145
\pgf@pathmaxy=\dimen146
\pgf@xx=\dimen147
\pgf@xy=\dimen148
\pgf@yx=\dimen149
\pgf@yy=\dimen150
\pgf@zx=\dimen151
\pgf@zy=\dimen152
)
(/usr/local/texlive/2016/texmf-dist/tex/generic/pgf/basiclayer/pgfcorepathconst
ruct.code.tex
File: pgfcorepathconstruct.code.tex 2013/10/07  (rcs-revision 1.29)
\pgf@path@lastx=\dimen153
\pgf@path@lasty=\dimen154
)
(/usr/local/texlive/2016/texmf-dist/tex/generic/pgf/basiclayer/pgfcorepathusage
.code.tex
File: pgfcorepathusage.code.tex 2014/11/02  (rcs-revision 1.24)
\pgf@shorten@end@additional=\dimen155
\pgf@shorten@start@additional=\dimen156
)
(/usr/local/texlive/2016/texmf-dist/tex/generic/pgf/basiclayer/pgfcorescopes.co
de.tex
File: pgfcorescopes.code.tex 2015/05/08  (rcs-revision 1.46)
\pgfpic=\box32
\pgf@hbox=\box33
\pgf@layerbox@main=\box34
\pgf@picture@serial@count=\count117
)
(/usr/local/texlive/2016/texmf-dist/tex/generic/pgf/basiclayer/pgfcoregraphicst
ate.code.tex
File: pgfcoregraphicstate.code.tex 2014/11/02  (rcs-revision 1.12)
\pgflinewidth=\dimen157
)
(/usr/local/texlive/2016/texmf-dist/tex/generic/pgf/basiclayer/pgfcoretransform
ations.code.tex
File: pgfcoretransformations.code.tex 2015/08/07  (rcs-revision 1.20)
\pgf@pt@x=\dimen158
\pgf@pt@y=\dimen159
\pgf@pt@temp=\dimen160
)
(/usr/local/texlive/2016/texmf-dist/tex/generic/pgf/basiclayer/pgfcorequick.cod
e.tex
File: pgfcorequick.code.tex 2008/10/09  (rcs-revision 1.3)
)
(/usr/local/texlive/2016/texmf-dist/tex/generic/pgf/basiclayer/pgfcoreobjects.c
ode.tex
File: pgfcoreobjects.code.tex 2006/10/11  (rcs-revision 1.2)
)
(/usr/local/texlive/2016/texmf-dist/tex/generic/pgf/basiclayer/pgfcorepathproce
ssing.code.tex
File: pgfcorepathprocessing.code.tex 2013/09/09  (rcs-revision 1.9)
)
(/usr/local/texlive/2016/texmf-dist/tex/generic/pgf/basiclayer/pgfcorearrows.co
de.tex
File: pgfcorearrows.code.tex 2015/05/14  (rcs-revision 1.43)
\pgfarrowsep=\dimen161
)
(/usr/local/texlive/2016/texmf-dist/tex/generic/pgf/basiclayer/pgfcoreshade.cod
e.tex
File: pgfcoreshade.code.tex 2013/07/15  (rcs-revision 1.15)
\pgf@max=\dimen162
\pgf@sys@shading@range@num=\count118
)
(/usr/local/texlive/2016/texmf-dist/tex/generic/pgf/basiclayer/pgfcoreimage.cod
e.tex
File: pgfcoreimage.code.tex 2013/07/15  (rcs-revision 1.18)

(/usr/local/texlive/2016/texmf-dist/tex/generic/pgf/basiclayer/pgfcoreexternal.
code.tex
File: pgfcoreexternal.code.tex 2014/07/09  (rcs-revision 1.21)
\pgfexternal@startupbox=\box35
))
(/usr/local/texlive/2016/texmf-dist/tex/generic/pgf/basiclayer/pgfcorelayers.co
de.tex
File: pgfcorelayers.code.tex 2013/07/18  (rcs-revision 1.7)
)
(/usr/local/texlive/2016/texmf-dist/tex/generic/pgf/basiclayer/pgfcoretranspare
ncy.code.tex
File: pgfcoretransparency.code.tex 2013/09/30  (rcs-revision 1.5)
)
(/usr/local/texlive/2016/texmf-dist/tex/generic/pgf/basiclayer/pgfcorepatterns.
code.tex
File: pgfcorepatterns.code.tex 2013/11/07  (rcs-revision 1.5)
)))
(/usr/local/texlive/2016/texmf-dist/tex/generic/pgf/modules/pgfmoduleshapes.cod
e.tex
File: pgfmoduleshapes.code.tex 2014/03/21  (rcs-revision 1.35)
\pgfnodeparttextbox=\box36
)
(/usr/local/texlive/2016/texmf-dist/tex/generic/pgf/modules/pgfmoduleplot.code.
tex
File: pgfmoduleplot.code.tex 2015/08/03  (rcs-revision 1.13)
)
(/usr/local/texlive/2016/texmf-dist/tex/latex/pgf/compatibility/pgfcomp-version
-0-65.sty
Package: pgfcomp-version-0-65 2007/07/03 v3.0.1a (rcs-revision 1.7)
\pgf@nodesepstart=\dimen163
\pgf@nodesepend=\dimen164
)
(/usr/local/texlive/2016/texmf-dist/tex/latex/pgf/compatibility/pgfcomp-version
-1-18.sty
Package: pgfcomp-version-1-18 2007/07/23 v3.0.1a (rcs-revision 1.1)
))
(/usr/local/texlive/2016/texmf-dist/tex/latex/pgf/utilities/pgffor.sty
(/usr/local/texlive/2016/texmf-dist/tex/latex/pgf/utilities/pgfkeys.sty
(/usr/local/texlive/2016/texmf-dist/tex/generic/pgf/utilities/pgfkeys.code.tex)
) (/usr/local/texlive/2016/texmf-dist/tex/latex/pgf/math/pgfmath.sty
(/usr/local/texlive/2016/texmf-dist/tex/generic/pgf/math/pgfmath.code.tex))
(/usr/local/texlive/2016/texmf-dist/tex/generic/pgf/utilities/pgffor.code.tex
Package: pgffor 2013/12/13 v3.0.1a (rcs-revision 1.25)

(/usr/local/texlive/2016/texmf-dist/tex/generic/pgf/math/pgfmath.code.tex)
\pgffor@iter=\dimen165
\pgffor@skip=\dimen166
\pgffor@stack=\toks39
\pgffor@toks=\toks40
))
(/usr/local/texlive/2016/texmf-dist/tex/generic/pgf/frontendlayer/tikz/tikz.cod
e.tex
Package: tikz 2015/08/07 v3.0.1a (rcs-revision 1.151)

(/usr/local/texlive/2016/texmf-dist/tex/generic/pgf/libraries/pgflibraryplothan
dlers.code.tex
File: pgflibraryplothandlers.code.tex 2013/08/31 v3.0.1a (rcs-revision 1.20)
\pgf@plot@mark@count=\count119
\pgfplotmarksize=\dimen167
)
\tikz@lastx=\dimen168
\tikz@lasty=\dimen169
\tikz@lastxsaved=\dimen170
\tikz@lastysaved=\dimen171
\tikzleveldistance=\dimen172
\tikzsiblingdistance=\dimen173
\tikz@figbox=\box37
\tikz@figbox@bg=\box38
\tikz@tempbox=\box39
\tikz@tempbox@bg=\box40
\tikztreelevel=\count120
\tikznumberofchildren=\count121
\tikznumberofcurrentchild=\count122
\tikz@fig@count=\count123

(/usr/local/texlive/2016/texmf-dist/tex/generic/pgf/modules/pgfmodulematrix.cod
e.tex
File: pgfmodulematrix.code.tex 2013/09/17  (rcs-revision 1.8)
\pgfmatrixcurrentrow=\count124
\pgfmatrixcurrentcolumn=\count125
\pgf@matrix@numberofcolumns=\count126
)
\tikz@expandcount=\count127

(/usr/local/texlive/2016/texmf-dist/tex/generic/pgf/frontendlayer/tikz/librarie
s/tikzlibrarytopaths.code.tex
File: tikzlibrarytopaths.code.tex 2008/06/17 v3.0.1a (rcs-revision 1.2)
)))
(/usr/local/texlive/2016/texmf-dist/tex/generic/tikz-cd/tikzlibrarycd.code.tex
(/usr/local/texlive/2016/texmf-dist/tex/generic/pgf/frontendlayer/tikz/librarie
s/tikzlibrarymatrix.code.tex
File: tikzlibrarymatrix.code.tex 2013/07/12 v3.0.1a (rcs-revision 1.4)
)
(/usr/local/texlive/2016/texmf-dist/tex/generic/pgf/frontendlayer/tikz/librarie
s/tikzlibraryquotes.code.tex
File: tikzlibraryquotes.code.tex 2014/03/21 v3.0.1a (rcs-revision 1.4)
)
(/usr/local/texlive/2016/texmf-dist/tex/generic/pgf/libraries/pgflibraryarrows.
meta.code.tex
File: pgflibraryarrows.meta.code.tex 2015/05/13 v3.0.1a (rcs-revision 1.13)
\pgfarrowinset=\dimen174
\pgfarrowlength=\dimen175
\pgfarrowwidth=\dimen176
\pgfarrowlinewidth=\dimen177
)))
(/usr/local/texlive/2016/texmf-dist/tex/latex/amsfonts/eucal.sty
Package: eucal 2009/06/22 v3.00 Euler Script fonts
LaTeX Font Info:    Overwriting math alphabet `\EuScript' in version `bold'
(Font)                  U/eus/m/n --> U/eus/b/n on input line 33.
)
\c@theorem=\count128

(./notes_on_smooth_and_symplectic_topology.aux)
\openout1 = `notes_on_smooth_and_symplectic_topology.aux'.

LaTeX Font Info:    Checking defaults for OML/cmm/m/it on input line 142.
LaTeX Font Info:    ... okay on input line 142.
LaTeX Font Info:    Checking defaults for T1/cmr/m/n on input line 142.
LaTeX Font Info:    ... okay on input line 142.
LaTeX Font Info:    Checking defaults for OT1/cmr/m/n on input line 142.
LaTeX Font Info:    ... okay on input line 142.
LaTeX Font Info:    Checking defaults for OMS/cmsy/m/n on input line 142.
LaTeX Font Info:    ... okay on input line 142.
LaTeX Font Info:    Checking defaults for OMX/cmex/m/n on input line 142.
LaTeX Font Info:    ... okay on input line 142.
LaTeX Font Info:    Checking defaults for U/cmr/m/n on input line 142.
LaTeX Font Info:    ... okay on input line 142.

(/usr/local/texlive/2016/texmf-dist/tex/generic/oberdiek/pdftexcmds.sty
Package: pdftexcmds 2016/05/10 v0.21 Utility functions of pdfTeX for LuaTeX (HO
)

(/usr/local/texlive/2016/texmf-dist/tex/generic/oberdiek/ifluatex.sty
Package: ifluatex 2016/05/16 v1.4 Provides the ifluatex switch (HO)
Package ifluatex Info: LuaTeX not detected.
)
(/usr/local/texlive/2016/texmf-dist/tex/generic/oberdiek/ifpdf.sty
Package: ifpdf 2016/05/14 v3.1 Provides the ifpdf switch
)
Package pdftexcmds Info: LuaTeX not detected.
Package pdftexcmds Info: \pdf@primitive is available.
Package pdftexcmds Info: \pdf@ifprimitive is available.
Package pdftexcmds Info: \pdfdraftmode found.
)
(/usr/local/texlive/2016/texmf-dist/tex/latex/oberdiek/epstopdf-base.sty
Package: epstopdf-base 2016/05/15 v2.6 Base part for package epstopdf

(/usr/local/texlive/2016/texmf-dist/tex/latex/oberdiek/grfext.sty
Package: grfext 2016/05/16 v1.2 Manage graphics extensions (HO)

(/usr/local/texlive/2016/texmf-dist/tex/generic/oberdiek/kvdefinekeys.sty
Package: kvdefinekeys 2016/05/16 v1.4 Define keys (HO)
))
(/usr/local/texlive/2016/texmf-dist/tex/latex/oberdiek/kvoptions.sty
Package: kvoptions 2016/05/16 v3.12 Key value format for package options (HO)

(/usr/local/texlive/2016/texmf-dist/tex/generic/oberdiek/kvsetkeys.sty
Package: kvsetkeys 2016/05/16 v1.17 Key value parser (HO)

(/usr/local/texlive/2016/texmf-dist/tex/generic/oberdiek/etexcmds.sty
Package: etexcmds 2016/05/16 v1.6 Avoid name clashes with e-TeX commands (HO)
Package etexcmds Info: Could not find \expanded.
(etexcmds)             That can mean that you are not using pdfTeX 1.50 or
(etexcmds)             that some package has redefined \expanded.
(etexcmds)             In the latter case, load this package earlier.
)))
Package epstopdf-base Info: Redefining graphics rule for `.eps' on input line 4
38.
Package grfext Info: Graphics extension search list:
(grfext)             [.png,.pdf,.jpg,.mps,.jpeg,.jbig2,.jb2,.PNG,.PDF,.JPG,.JPE
G,.JBIG2,.JB2,.eps]
(grfext)             \AppendGraphicsExtensions on input line 456.

(/usr/local/texlive/2016/texmf-dist/tex/latex/latexconfig/epstopdf-sys.cfg
File: epstopdf-sys.cfg 2010/07/13 v1.3 Configuration of (r)epstopdf for TeX Liv
e
))
ABD: EveryShipout initializing macros
(/usr/local/texlive/2016/texmf-dist/tex/context/base/mkii/supp-pdf.mkii
[Loading MPS to PDF converter (version 2006.09.02).]
\scratchcounter=\count129
\scratchdimen=\dimen178
\scratchbox=\box41
\nofMPsegments=\count130
\nofMParguments=\count131
\everyMPshowfont=\toks41
\MPscratchCnt=\count132
\MPscratchDim=\dimen179
\MPnumerator=\count133
\makeMPintoPDFobject=\count134
\everyMPtoPDFconversion=\toks42
) (./notes_on_smooth_and_symplectic_topology.toc
LaTeX Font Info:    Try loading font information for U+msa on input line 2.

(/usr/local/texlive/2016/texmf-dist/tex/latex/amsfonts/umsa.fd
File: umsa.fd 2013/01/14 v3.01 AMS symbols A
)
LaTeX Font Info:    Try loading font information for U+msb on input line 2.

(/usr/local/texlive/2016/texmf-dist/tex/latex/amsfonts/umsb.fd
File: umsb.fd 2013/01/14 v3.01 AMS symbols B
)
LaTeX Font Info:    Try loading font information for U+lasy on input line 2.

(/usr/local/texlive/2016/texmf-dist/tex/latex/base/ulasy.fd
File: ulasy.fd 1998/08/17 v2.2e LaTeX symbol font definitions
))
\tf@toc=\write4
\openout4 = `notes_on_smooth_and_symplectic_topology.toc'.

 [1
Non-PDF special ignored!
Non-PDF special ignored!
Non-PDF special ignored!
Non-PDF special ignored!
Non-PDF special ignored!
Non-PDF special ignored!
Non-PDF special ignored!


Non-PDF special ignored!
Non-PDF special ignored!
Non-PDF special ignored!
Non-PDF special ignored!
Non-PDF special ignored!
Non-PDF special ignored!
Non-PDF special ignored!
Non-PDF special ignored!{/usr/local/texlive/2016/texmf-var/fonts/map/pdftex/upd
map/pdftex.map}] [2] [3] [4] [5] [6] [7] [8] [9] [10]
LaTeX Font Info:    Try loading font information for OMS+cmr on input line 399.


(/usr/local/texlive/2016/texmf-dist/tex/latex/base/omscmr.fd
File: omscmr.fd 2014/09/29 v2.5h Standard LaTeX font definitions
)
LaTeX Font Info:    Font shape `OMS/cmr/m/n' in size <12> not available
(Font)              Font shape `OMS/cmsy/m/n' tried instead on input line 399.
 [11]

LaTeX Warning: Reference `subsec:lie_groups' on page 12 undefined on input line
 441.

[12] <reu_figures/surfaces.png, id=56, 1386.68062pt x 418.56375pt>
File: reu_figures/surfaces.png Graphic file (type png)

<use reu_figures/surfaces.png>
Package pdftex.def Info: reu_figures/surfaces.png used on input line 447.
(pdftex.def)             Requested size: 426.135pt x 128.62296pt.
 [13 <./reu_figures/surfaces.png>]
LaTeX Font Info:    Try loading font information for U+eus on input line 461.

(/usr/local/texlive/2016/texmf-dist/tex/latex/amsfonts/ueus.fd
File: ueus.fd 2013/01/14 v3.01 Euler Script
) [14] [15]
<reu_figures/fiber_bundle.png, id=70, 1360.33218pt x 548.80031pt>
File: reu_figures/fiber_bundle.png Graphic file (type png)

<use reu_figures/fiber_bundle.png>
Package pdftex.def Info: reu_figures/fiber_bundle.png used on input line 544.
(pdftex.def)             Requested size: 298.29318pt x 120.33447pt.
 [16] [17 <./reu_figures/fiber_bundle.png>]
<reu_figures/maps_of_bundles_1.png, id=79, 1585.42313pt x 405.01312pt>
File: reu_figures/maps_of_bundles_1.png Graphic file (type png)

<use reu_figures/maps_of_bundles_1.png>
Package pdftex.def Info: reu_figures/maps_of_bundles_1.png used on input line 5
82.
(pdftex.def)             Requested size: 426.135pt x 108.8606pt.
 [18 <./reu_figures/maps_of_bundles_1.png>] <reu_figures/maps_of_bundles_3.png,
 id=84, 740.7675pt x 484.05844pt>
File: reu_figures/maps_of_bundles_3.png Graphic file (type png)

<use reu_figures/maps_of_bundles_3.png>
Package pdftex.def Info: reu_figures/maps_of_bundles_3.png used on input line 6
25.
(pdftex.def)             Requested size: 213.06749pt x 139.2285pt.


LaTeX Warning: `h' float specifier changed to `ht'.

[19] [20 <./reu_figures/maps_of_bundles_3.png>] [21] [22] [23] [24] [25]
<reu_figures/exterior_algebra.png, id=109, 1707.37875pt x 845.40843pt>
File: reu_figures/exterior_algebra.png Graphic file (type png)

<use reu_figures/exterior_algebra.png>
Package pdftex.def Info: reu_figures/exterior_algebra.png used on input line 81
6.
(pdftex.def)             Requested size: 426.135pt x 211.00328pt.


LaTeX Warning: `h' float specifier changed to `ht'.

LaTeX Font Info:    Try loading font information for U+euf on input line 823.
(/usr/local/texlive/2016/texmf-dist/tex/latex/amsfonts/ueuf.fd
File: ueuf.fd 2013/01/14 v3.01 Euler Fraktur
) [26] [27 <./reu_figures/exterior_algebra.png>] [28] [29]
Overfull \hbox (0.34818pt too wide) in paragraph at lines 925--926
[]\OT1/cmr/m/n/12 If $\OML/cmm/m/it/12 F$ \OT1/cmr/m/n/12 and $\OML/cmm/m/it/12
 F[]$ \OT1/cmr/m/n/12 are two op-er-a-tions on vec-tor bun-dles sat-is-fy-ing P
rop-er-ties 2.30[](b1)-
 []

[30] <reu_figures/tangent_bundles.png, id=127, 1376.89406pt x 720.44156pt>
File: reu_figures/tangent_bundles.png Graphic file (type png)

<use reu_figures/tangent_bundles.png>
Package pdftex.def Info: reu_figures/tangent_bundles.png used on input line 942
.
(pdftex.def)             Requested size: 383.51889pt x 200.66692pt.
 [31 <./reu_figures/tangent_bundles.png>]
[32] [33]
<reu_figures/immersion_embedding_submersion.png, id=139, 2276.505pt x 740.0147p
t>
File: reu_figures/immersion_embedding_submersion.png Graphic file (type png)
 <use reu_figures/immersion_embedding_submersion.png>
Package pdftex.def Info: reu_figures/immersion_embedding_submersion.png used on
 input line 1036.
(pdftex.def)             Requested size: 426.135pt x 138.51529pt.


LaTeX Warning: `h' float specifier changed to `ht'.

[34] [35 <./reu_figures/immersion_embedding_submersion.png>]
<reu_figures/isotopy.png, id=147, 2276.505pt x 740.0147pt>
File: reu_figures/isotopy.png Graphic file (type png)

<use reu_figures/isotopy.png>
Package pdftex.def Info: reu_figures/isotopy.png used on input line 1084.
(pdftex.def)             Requested size: 426.135pt x 138.51529pt.


LaTeX Warning: `h' float specifier changed to `ht'.


Overfull \hbox (32.77974pt too wide) in paragraph at lines 1096--1097
[]\OT1/cmr/m/n/12 (\OML/cmm/m/it/12 X; @X\OT1/cmr/m/n/12 )$ that are iso-topic 
to the iden-tity through dif-feo-mor-phisms in $[](\OML/cmm/m/it/12 X; @X\OT1/c
mr/m/n/12 )$,
 []

[36] [37 <./reu_figures/isotopy.png>] [38] [39] [40] [41] [42] [43]
<reu_figures/pullback_of_form.png, id=175, 2276.505pt x 740.0147pt>
File: reu_figures/pullback_of_form.png Graphic file (type png)

<use reu_figures/pullback_of_form.png>
Package pdftex.def Info: reu_figures/pullback_of_form.png used on input line 12
96.
(pdftex.def)             Requested size: 426.135pt x 138.51529pt.


LaTeX Warning: `h' float specifier changed to `ht'.

[44] [45 <./reu_figures/pullback_of_form.png>] [46] [47] [48] [49]
<reu_figures/motivational_homology.png, id=196, 1707.37875pt x 369.63094pt>
File: reu_figures/motivational_homology.png Graphic file (type png)

<use reu_figures/motivational_homology.png>
Package pdftex.def Info: reu_figures/motivational_homology.png used on input li
ne 1437.
(pdftex.def)             Requested size: 426.135pt x 92.25522pt.
 [50 <./reu_figures/motivational_homology.png>] [51] [52]
Overfull \hbox (14.01721pt too wide) in paragraph at lines 1549--1550
\OT1/cmr/m/n/12 space. The \OT1/cmr/bx/n/12 sin-gu-lar ho-mol-ogy \OT1/cmr/m/n/
12 of $\OML/cmm/m/it/12 X$ \OT1/cmr/m/n/12 with $\OML/cmm/m/it/12 R$ \OT1/cmr/m
/n/12 co-ef-fi-cients, $\OML/cmm/m/it/12 H[]\OT1/cmr/m/n/12 (\OML/cmm/m/it/12 X
\OT1/cmr/m/n/12 ; \OML/cmm/m/it/12 R\OT1/cmr/m/n/12 ) = \OMS/cmsy/m/n/12 ^^H[]\
OML/cmm/m/it/12 H[]\OT1/cmr/m/n/12 (\OML/cmm/m/it/12 X\OT1/cmr/m/n/12 ; \OML/cm
m/m/it/12 R\OT1/cmr/m/n/12 )$,
 []

[53] [54] [55]
<reu_figures/homotopy_picture.png, id=218, 1707.37875pt x 369.63094pt>
File: reu_figures/homotopy_picture.png Graphic file (type png)

<use reu_figures/homotopy_picture.png>
Package pdftex.def Info: reu_figures/homotopy_picture.png used on input line 16
38.
(pdftex.def)             Requested size: 426.135pt x 92.25522pt.


LaTeX Warning: `h' float specifier changed to `ht'.

[56]

LaTeX Warning: Reference `subsec:relationships_of_homologies' on page 57 undefi
ned on input line 1660.

[57 <./reu_figures/homotopy_picture.png>] [58]
Overfull \hbox (1.91406pt too wide) in paragraph at lines 1716--1717
\OT1/cmr/m/n/12 to $\OMS/cmsy/m/n/12 f^^F\OT1/cmr/m/n/12 1\OMS/cmsy/m/n/12 g$ \
OT1/cmr/m/n/12 is a group ho-mo-mor-phism. Us-ing this, we can de-duce that if 
$\OML/cmm/m/it/12 ^^Z \OT1/cmr/m/n/12 : \OMS/cmsy/m/n/12 f\OT1/cmr/m/n/12 0\OML
/cmm/m/it/12 ; [] ; n\OMS/cmsy/m/n/12 g !
 []

[59] [60]
<reu_figures/circle_simplicial.png, id=236, 1138.2525pt x 569.12625pt>
File: reu_figures/circle_simplicial.png Graphic file (type png)

<use reu_figures/circle_simplicial.png>
Package pdftex.def Info: reu_figures/circle_simplicial.png used on input line 1
792.
(pdftex.def)             Requested size: 426.135pt x 213.06577pt.


LaTeX Warning: `h' float specifier changed to `ht'.

[61] [62 <./reu_figures/circle_simplicial.png>] [63] [64]
Overfull \hbox (18.64513pt too wide) in paragraph at lines 1896--1916
 [] 
 []

[65] [66] [67] [68]
Overfull \hbox (3.73021pt too wide) in paragraph at lines 2047--2048
[]\OT1/cmr/bx/n/12 Definition 4.8. []\OT1/cmr/m/n/12 (Char-ac-ter-is-tic Line B
un-dle) Let $(\OML/cmm/m/it/12 X; !\OT1/cmr/m/n/12 )$ be a sym-plec-tic $2\OML/
cmm/m/it/12 n$\OT1/cmr/m/n/12 -manifold
 []

[69]
Overfull \hbox (0.40486pt too wide) detected at line 2066
\U/eus/m/n/12 L[]\OML/cmm/m/it/12 ![] \OT1/cmr/m/n/12 = \OML/cmm/m/it/12 d\OT1/
cmr/m/n/12 (\OML/cmm/m/it/12 ^^S[]\OT1/cmr/m/n/12 ([] \OML/cmm/m/it/12 dx[] \OM
S/cmsy/m/n/12 ^ \OML/cmm/m/it/12 dy[]\OT1/cmr/m/n/12 )) = \OML/cmm/m/it/12 d\OT
1/cmr/m/n/12 ([] [] \OML/cmm/m/it/12 x[]dy[] \OMS/cmsy/m/n/12 ^^@ \OML/cmm/m/it
/12 y[]dx[]\OT1/cmr/m/n/12 ) = []([] \OML/cmm/m/it/12 dx[] \OMS/cmsy/m/n/12 ^ \
OML/cmm/m/it/12 dy[] \OMS/cmsy/m/n/12 ^^@ \OML/cmm/m/it/12 dy[] \OMS/cmsy/m/n/1
2 ^ \OML/cmm/m/it/12 dx[]\OT1/cmr/m/n/12 ) = \OML/cmm/m/it/12 ![]
 []

[70]
Overfull \hbox (4.75082pt too wide) in paragraph at lines 2090--2091
[]\OT1/cmr/m/n/12 (Euclidean Space) $(\U/msb/m/n/12 R[]\OML/cmm/m/it/12 ; []\O
T1/cmr/m/n/12 )$ where $\OML/cmm/m/it/12 R[]$ \OT1/cmr/m/n/12 has co-or-di-nate
s $(\OML/cmm/m/it/12 z; x[]; y[]; [] ; x[]; y[]\OT1/cmr/m/n/12 )$
 []

[71] [72] [73] [74] [75] [76]
Missing character: There is no â in font cmr12!
Missing character: There is no € in font cmr12!
Missing character: There is no “ in font cmr12!
Missing character: There is no â in font cmti12!
Missing character: There is no € in font cmti12!
Missing character: There is no ™ in font cmti12!
Missing character: There is no â in font cmti12!
Missing character: There is no € in font cmti12!
Missing character: There is no ™ in font cmti12!
Missing character: There is no Â in font cmti12!
Missing character: There is no ´ in font cmti12!
Missing character: There is no â in font cmti12!
Missing character: There is no € in font cmti12!
Missing character: There is no ™ in font cmti12!
Missing character: There is no Â in font cmti12!
Missing character: There is no ´ in font cmti12!
Missing character: There is no Â in font cmr12!
Missing character: There is no ´ in font cmr12!
Missing character: There is no â in font cmr12!
Missing character: There is no € in font cmr12!
Missing character: There is no “ in font cmr12!
Missing character: There is no â in font cmti12!
Missing character: There is no € in font cmti12!
Missing character: There is no ™ in font cmti12!
Missing character: There is no â in font cmr12!
Missing character: There is no € in font cmr12!
Missing character: There is no “ in font cmr12!
Missing character: There is no â in font cmr12!
Missing character: There is no € in font cmr12!
Missing character: There is no “ in font cmr12!
 [77]
(./notes_on_smooth_and_symplectic_topology.aux)

LaTeX Warning: There were undefined references.

 ) 
Here is how much of TeX's memory you used:
 14035 strings out of 493014
 285535 string characters out of 6133351
 326902 words of memory out of 5000000
 17257 multiletter control sequences out of 15000+600000
 14841 words of font info for 63 fonts, out of 8000000 for 9000
 1141 hyphenation exceptions out of 8191
 61i,11n,84p,993b,313s stack positions out of 5000i,500n,10000p,200000b,80000s
</usr/local/texlive/2016/texmf-dist/fonts/type1/public/amsfonts/cm/cmbx12.pfb
></usr/local/texlive/2016/texmf-dist/fonts/type1/public/amsfonts/cm/cmex10.pfb>
</usr/local/texlive/2016/texmf-dist/fonts/type1/public/amsfonts/cm/cmmi10.pfb><
/usr/local/texlive/2016/texmf-dist/fonts/type1/public/amsfonts/cm/cmmi12.pfb></
usr/local/texlive/2016/texmf-dist/fonts/type1/public/amsfonts/cm/cmmi6.pfb></us
r/local/texlive/2016/texmf-dist/fonts/type1/public/amsfonts/cm/cmmi8.pfb></usr/
local/texlive/2016/texmf-dist/fonts/type1/public/amsfonts/cm/cmr10.pfb></usr/lo
cal/texlive/2016/texmf-dist/fonts/type1/public/amsfonts/cm/cmr12.pfb></usr/loca
l/texlive/2016/texmf-dist/fonts/type1/public/amsfonts/cm/cmr6.pfb></usr/local/t
exlive/2016/texmf-dist/fonts/type1/public/amsfonts/cm/cmr7.pfb></usr/local/texl
ive/2016/texmf-dist/fonts/type1/public/amsfonts/cm/cmr8.pfb></usr/local/texlive
/2016/texmf-dist/fonts/type1/public/amsfonts/cm/cmsy10.pfb></usr/local/texlive/
2016/texmf-dist/fonts/type1/public/amsfonts/cm/cmsy6.pfb></usr/local/texlive/20
16/texmf-dist/fonts/type1/public/amsfonts/cm/cmsy7.pfb></usr/local/texlive/2016
/texmf-dist/fonts/type1/public/amsfonts/cm/cmsy8.pfb></usr/local/texlive/2016/t
exmf-dist/fonts/type1/public/amsfonts/cm/cmti10.pfb></usr/local/texlive/2016/te
xmf-dist/fonts/type1/public/amsfonts/cm/cmti12.pfb></usr/local/texlive/2016/tex
mf-dist/fonts/type1/public/amsfonts/euler/eufm10.pfb></usr/local/texlive/2016/t
exmf-dist/fonts/type1/public/amsfonts/euler/eusm10.pfb></usr/local/texlive/2016
/texmf-dist/fonts/type1/public/amsfonts/symbols/msam10.pfb></usr/local/texlive/
2016/texmf-dist/fonts/type1/public/amsfonts/symbols/msbm10.pfb>
Output written on notes_on_smooth_and_symplectic_topology.pdf (77 pages, 195734
1 bytes).
PDF statistics:
 363 PDF objects out of 1000 (max. 8388607)
 236 compressed objects within 3 object streams
 0 named destinations out of 1000 (max. 500000)
 61 words of extra memory for PDF output out of 10000 (max. 10000000)

